mode: set
cat-app/routers/router.go:9.13,22.2 9 0
cat-app/main.go:8.13,10.2 1 0
cat-app/controllers/breed_controller.go:22.39,25.16 2 0
cat-app/controllers/breed_controller.go:25.16,30.3 4 0
cat-app/controllers/breed_controller.go:31.2,34.16 3 0
cat-app/controllers/breed_controller.go:34.16,39.3 4 0
cat-app/controllers/breed_controller.go:42.2,42.38 1 0
cat-app/controllers/breed_controller.go:42.38,47.3 4 0
cat-app/controllers/breed_controller.go:50.2,51.54 2 0
cat-app/controllers/breed_controller.go:51.54,56.3 4 0
cat-app/controllers/breed_controller.go:58.2,59.15 2 0
cat-app/controllers/breed_controller.go:63.45,69.32 3 0
cat-app/controllers/breed_controller.go:69.32,76.3 3 0
cat-app/controllers/breed_controller.go:78.2,79.32 2 0
cat-app/controllers/breed_controller.go:79.32,86.3 3 0
cat-app/controllers/breed_controller.go:89.2,98.12 6 0
cat-app/controllers/breed_controller.go:98.12,100.17 2 0
cat-app/controllers/breed_controller.go:100.17,103.4 2 0
cat-app/controllers/breed_controller.go:104.3,108.17 4 0
cat-app/controllers/breed_controller.go:108.17,111.4 2 0
cat-app/controllers/breed_controller.go:112.3,115.17 3 0
cat-app/controllers/breed_controller.go:115.17,118.4 2 0
cat-app/controllers/breed_controller.go:120.3,121.54 2 0
cat-app/controllers/breed_controller.go:121.54,124.4 2 0
cat-app/controllers/breed_controller.go:126.3,126.21 1 0
cat-app/controllers/breed_controller.go:130.2,130.12 1 0
cat-app/controllers/breed_controller.go:130.12,132.17 2 0
cat-app/controllers/breed_controller.go:132.17,135.4 2 0
cat-app/controllers/breed_controller.go:136.3,140.17 4 0
cat-app/controllers/breed_controller.go:140.17,143.4 2 0
cat-app/controllers/breed_controller.go:144.3,147.17 3 0
cat-app/controllers/breed_controller.go:147.17,150.4 2 0
cat-app/controllers/breed_controller.go:152.3,153.55 2 0
cat-app/controllers/breed_controller.go:153.55,156.4 2 0
cat-app/controllers/breed_controller.go:158.3,158.23 1 0
cat-app/controllers/breed_controller.go:162.2,162.9 1 0
cat-app/controllers/breed_controller.go:163.24,167.4 1 0
cat-app/controllers/breed_controller.go:168.28,174.4 2 0
cat-app/controllers/breed_controller.go:177.2,177.15 1 0
cat-app/controllers/default.go:17.32,20.12 2 0
cat-app/controllers/default.go:20.12,22.3 1 0
cat-app/controllers/default.go:23.2,25.32 2 0
cat-app/controllers/default.go:25.32,28.3 2 0
cat-app/controllers/default.go:30.2,30.25 1 0
cat-app/controllers/favourite_controller.go:19.42,33.32 7 0
cat-app/controllers/favourite_controller.go:33.32,37.3 2 0
cat-app/controllers/favourite_controller.go:40.2,41.15 2 0
cat-app/controllers/favourite_controller.go:45.123,48.40 2 0
cat-app/controllers/favourite_controller.go:48.40,51.3 2 0
cat-app/controllers/favourite_controller.go:53.2,54.32 2 0
cat-app/controllers/favourite_controller.go:54.32,57.3 2 0
cat-app/controllers/favourite_controller.go:60.2,70.16 4 0
cat-app/controllers/favourite_controller.go:70.16,73.3 2 0
cat-app/controllers/favourite_controller.go:76.2,82.16 5 0
cat-app/controllers/favourite_controller.go:82.16,85.3 2 0
cat-app/controllers/favourite_controller.go:86.2,89.54 2 0
cat-app/controllers/favourite_controller.go:89.54,97.13 2 0
cat-app/controllers/favourite_controller.go:97.13,100.4 2 0
cat-app/controllers/favourite_controller.go:101.8,103.3 1 0
cat-app/controllers/favourite_controller.go:107.40,111.12 2 0
cat-app/controllers/favourite_controller.go:111.12,114.41 2 0
cat-app/controllers/favourite_controller.go:114.41,120.4 2 0
cat-app/controllers/favourite_controller.go:122.3,123.33 2 0
cat-app/controllers/favourite_controller.go:123.33,129.4 2 0
cat-app/controllers/favourite_controller.go:132.3,136.17 3 0
cat-app/controllers/favourite_controller.go:136.17,142.4 2 0
cat-app/controllers/favourite_controller.go:145.3,150.17 4 0
cat-app/controllers/favourite_controller.go:150.17,156.4 2 0
cat-app/controllers/favourite_controller.go:157.3,161.17 3 0
cat-app/controllers/favourite_controller.go:161.17,167.4 2 0
cat-app/controllers/favourite_controller.go:170.3,172.17 3 0
cat-app/controllers/favourite_controller.go:172.17,178.4 2 0
cat-app/controllers/favourite_controller.go:181.3,185.4 1 0
cat-app/controllers/favourite_controller.go:189.2,191.15 3 0
cat-app/controllers/favourite_controller.go:194.42,197.22 2 0
cat-app/controllers/favourite_controller.go:197.22,204.3 3 0
cat-app/controllers/favourite_controller.go:207.2,209.12 2 0
cat-app/controllers/favourite_controller.go:209.12,212.41 2 0
cat-app/controllers/favourite_controller.go:212.41,218.4 2 0
cat-app/controllers/favourite_controller.go:220.3,221.33 2 0
cat-app/controllers/favourite_controller.go:221.33,227.4 2 0
cat-app/controllers/favourite_controller.go:230.3,234.17 3 0
cat-app/controllers/favourite_controller.go:234.17,240.4 2 0
cat-app/controllers/favourite_controller.go:243.3,248.17 4 0
cat-app/controllers/favourite_controller.go:248.17,254.4 2 0
cat-app/controllers/favourite_controller.go:255.3,259.17 3 0
cat-app/controllers/favourite_controller.go:259.17,265.4 2 0
cat-app/controllers/favourite_controller.go:268.3,268.39 1 0
cat-app/controllers/favourite_controller.go:268.39,274.4 2 0
cat-app/controllers/favourite_controller.go:277.3,280.4 1 0
cat-app/controllers/favourite_controller.go:284.2,286.15 3 0
cat-app/controllers/vote_controller.go:21.42,23.12 2 0
cat-app/controllers/vote_controller.go:23.12,25.3 1 0
cat-app/controllers/vote_controller.go:26.2,30.15 3 0
cat-app/controllers/vote_controller.go:33.42,38.32 3 0
cat-app/controllers/vote_controller.go:38.32,40.3 1 0
cat-app/controllers/vote_controller.go:43.2,47.16 3 0
cat-app/controllers/vote_controller.go:47.16,49.3 1 0
cat-app/controllers/vote_controller.go:50.2,53.16 3 0
cat-app/controllers/vote_controller.go:53.16,55.3 1 0
cat-app/controllers/vote_controller.go:57.2,59.16 3 0
cat-app/controllers/vote_controller.go:59.16,61.3 1 0
cat-app/controllers/vote_controller.go:63.2,63.21 1 0
cat-app/controllers/vote_controller.go:63.21,70.3 1 0
cat-app/controllers/vote_controller.go:70.8,72.3 1 0
cat-app/controllers/vote_controller.go:75.39,86.2 7 0
cat-app/controllers/vote_controller.go:89.84,93.32 2 0
cat-app/controllers/vote_controller.go:93.32,96.3 2 0
cat-app/controllers/vote_controller.go:98.2,99.32 2 0
cat-app/controllers/vote_controller.go:99.32,102.3 2 0
cat-app/controllers/vote_controller.go:105.2,113.16 3 0
cat-app/controllers/vote_controller.go:113.16,116.3 2 0
cat-app/controllers/vote_controller.go:119.2,125.16 5 0
cat-app/controllers/vote_controller.go:125.16,128.3 2 0
cat-app/controllers/vote_controller.go:129.2,132.54 2 0
cat-app/controllers/vote_controller.go:132.54,134.17 2 0
cat-app/controllers/vote_controller.go:134.17,137.4 2 0
cat-app/controllers/vote_controller.go:140.3,142.17 3 0
cat-app/controllers/vote_controller.go:142.17,145.4 2 0
cat-app/controllers/vote_controller.go:147.3,147.90 1 0
cat-app/controllers/vote_controller.go:147.90,150.4 1 0
cat-app/controllers/vote_controller.go:150.9,152.4 1 0
cat-app/controllers/vote_controller.go:153.8,155.3 1 0
cat-app/controllers/vote_controller.go:160.37,163.32 2 0
cat-app/controllers/vote_controller.go:163.32,170.3 3 0
cat-app/controllers/vote_controller.go:172.2,173.32 2 0
cat-app/controllers/vote_controller.go:173.32,180.3 3 0
cat-app/controllers/vote_controller.go:183.2,186.12 2 0
cat-app/controllers/vote_controller.go:186.12,189.17 2 0
cat-app/controllers/vote_controller.go:189.17,195.4 2 0
cat-app/controllers/vote_controller.go:198.3,208.17 7 0
cat-app/controllers/vote_controller.go:208.17,214.4 2 0
cat-app/controllers/vote_controller.go:215.3,219.17 3 0
cat-app/controllers/vote_controller.go:219.17,225.4 2 0
cat-app/controllers/vote_controller.go:228.3,230.17 3 0
cat-app/controllers/vote_controller.go:230.17,236.4 2 0
cat-app/controllers/vote_controller.go:239.3,242.4 1 0
cat-app/controllers/vote_controller.go:246.2,250.15 3 0
cat-app/controllers/breed_controller.go:22.39,25.16 2 1
cat-app/controllers/breed_controller.go:25.16,30.3 4 1
cat-app/controllers/breed_controller.go:31.2,34.16 3 1
cat-app/controllers/breed_controller.go:34.16,39.3 4 0
cat-app/controllers/breed_controller.go:42.2,42.38 1 1
cat-app/controllers/breed_controller.go:42.38,47.3 4 1
cat-app/controllers/breed_controller.go:50.2,51.54 2 1
cat-app/controllers/breed_controller.go:51.54,56.3 4 1
cat-app/controllers/breed_controller.go:58.2,59.15 2 1
cat-app/controllers/breed_controller.go:63.45,69.32 3 1
cat-app/controllers/breed_controller.go:69.32,76.3 3 0
cat-app/controllers/breed_controller.go:78.2,79.32 2 1
cat-app/controllers/breed_controller.go:79.32,86.3 3 0
cat-app/controllers/breed_controller.go:89.2,98.12 6 1
cat-app/controllers/breed_controller.go:98.12,100.17 2 1
cat-app/controllers/breed_controller.go:100.17,103.4 2 0
cat-app/controllers/breed_controller.go:104.3,108.17 4 1
cat-app/controllers/breed_controller.go:108.17,111.4 2 0
cat-app/controllers/breed_controller.go:112.3,115.17 3 1
cat-app/controllers/breed_controller.go:115.17,118.4 2 0
cat-app/controllers/breed_controller.go:120.3,121.54 2 1
cat-app/controllers/breed_controller.go:121.54,124.4 2 0
cat-app/controllers/breed_controller.go:126.3,126.21 1 1
cat-app/controllers/breed_controller.go:130.2,130.12 1 1
cat-app/controllers/breed_controller.go:130.12,132.17 2 1
cat-app/controllers/breed_controller.go:132.17,135.4 2 0
cat-app/controllers/breed_controller.go:136.3,140.17 4 1
cat-app/controllers/breed_controller.go:140.17,143.4 2 0
cat-app/controllers/breed_controller.go:144.3,147.17 3 1
cat-app/controllers/breed_controller.go:147.17,150.4 2 0
cat-app/controllers/breed_controller.go:152.3,153.55 2 1
cat-app/controllers/breed_controller.go:153.55,156.4 2 0
cat-app/controllers/breed_controller.go:158.3,158.23 1 1
cat-app/controllers/breed_controller.go:162.2,162.9 1 1
cat-app/controllers/breed_controller.go:163.24,167.4 1 0
cat-app/controllers/breed_controller.go:168.28,174.4 2 1
cat-app/controllers/breed_controller.go:177.2,177.15 1 1
cat-app/controllers/default.go:17.32,20.12 2 1
cat-app/controllers/default.go:20.12,22.3 1 1
cat-app/controllers/default.go:23.2,25.32 2 1
cat-app/controllers/default.go:25.32,28.3 2 1
cat-app/controllers/default.go:30.2,30.25 1 1
cat-app/controllers/favourite_controller.go:19.42,33.32 7 0
cat-app/controllers/favourite_controller.go:33.32,37.3 2 0
cat-app/controllers/favourite_controller.go:40.2,41.15 2 0
cat-app/controllers/favourite_controller.go:45.123,48.40 2 0
cat-app/controllers/favourite_controller.go:48.40,51.3 2 0
cat-app/controllers/favourite_controller.go:53.2,54.32 2 0
cat-app/controllers/favourite_controller.go:54.32,57.3 2 0
cat-app/controllers/favourite_controller.go:60.2,70.16 4 0
cat-app/controllers/favourite_controller.go:70.16,73.3 2 0
cat-app/controllers/favourite_controller.go:76.2,82.16 5 0
cat-app/controllers/favourite_controller.go:82.16,85.3 2 0
cat-app/controllers/favourite_controller.go:86.2,89.54 2 0
cat-app/controllers/favourite_controller.go:89.54,97.13 2 0
cat-app/controllers/favourite_controller.go:97.13,100.4 2 0
cat-app/controllers/favourite_controller.go:101.8,103.3 1 0
cat-app/controllers/favourite_controller.go:107.40,111.12 2 1
cat-app/controllers/favourite_controller.go:111.12,114.41 2 1
cat-app/controllers/favourite_controller.go:114.41,120.4 2 0
cat-app/controllers/favourite_controller.go:122.3,123.33 2 1
cat-app/controllers/favourite_controller.go:123.33,129.4 2 0
cat-app/controllers/favourite_controller.go:132.3,136.17 3 1
cat-app/controllers/favourite_controller.go:136.17,142.4 2 0
cat-app/controllers/favourite_controller.go:145.3,150.17 4 1
cat-app/controllers/favourite_controller.go:150.17,156.4 2 0
cat-app/controllers/favourite_controller.go:157.3,161.17 3 1
cat-app/controllers/favourite_controller.go:161.17,167.4 2 0
cat-app/controllers/favourite_controller.go:170.3,172.17 3 1
cat-app/controllers/favourite_controller.go:172.17,178.4 2 0
cat-app/controllers/favourite_controller.go:181.3,185.4 1 1
cat-app/controllers/favourite_controller.go:189.2,191.15 3 1
cat-app/controllers/favourite_controller.go:194.42,197.22 2 1
cat-app/controllers/favourite_controller.go:197.22,204.3 3 0
cat-app/controllers/favourite_controller.go:207.2,209.12 2 1
cat-app/controllers/favourite_controller.go:209.12,212.41 2 1
cat-app/controllers/favourite_controller.go:212.41,218.4 2 0
cat-app/controllers/favourite_controller.go:220.3,221.33 2 1
cat-app/controllers/favourite_controller.go:221.33,227.4 2 0
cat-app/controllers/favourite_controller.go:230.3,234.17 3 1
cat-app/controllers/favourite_controller.go:234.17,240.4 2 0
cat-app/controllers/favourite_controller.go:243.3,248.17 4 1
cat-app/controllers/favourite_controller.go:248.17,254.4 2 0
cat-app/controllers/favourite_controller.go:255.3,259.17 3 1
cat-app/controllers/favourite_controller.go:259.17,265.4 2 0
cat-app/controllers/favourite_controller.go:268.3,268.39 1 1
cat-app/controllers/favourite_controller.go:268.39,274.4 2 1
cat-app/controllers/favourite_controller.go:277.3,280.4 1 0
cat-app/controllers/favourite_controller.go:284.2,286.15 3 1
cat-app/controllers/vote_controller.go:21.42,23.12 2 1
cat-app/controllers/vote_controller.go:23.12,25.3 1 1
cat-app/controllers/vote_controller.go:26.2,30.15 3 1
cat-app/controllers/vote_controller.go:33.42,38.32 3 1
cat-app/controllers/vote_controller.go:38.32,40.3 1 0
cat-app/controllers/vote_controller.go:43.2,47.16 3 1
cat-app/controllers/vote_controller.go:47.16,49.3 1 0
cat-app/controllers/vote_controller.go:50.2,53.16 3 1
cat-app/controllers/vote_controller.go:53.16,55.3 1 0
cat-app/controllers/vote_controller.go:57.2,59.16 3 1
cat-app/controllers/vote_controller.go:59.16,61.3 1 1
cat-app/controllers/vote_controller.go:63.2,63.21 1 1
cat-app/controllers/vote_controller.go:63.21,70.3 1 1
cat-app/controllers/vote_controller.go:70.8,72.3 1 0
cat-app/controllers/vote_controller.go:75.39,86.2 7 1
cat-app/controllers/vote_controller.go:89.84,93.32 2 1
cat-app/controllers/vote_controller.go:93.32,96.3 2 0
cat-app/controllers/vote_controller.go:98.2,99.32 2 1
cat-app/controllers/vote_controller.go:99.32,102.3 2 0
cat-app/controllers/vote_controller.go:105.2,113.16 3 1
cat-app/controllers/vote_controller.go:113.16,116.3 2 0
cat-app/controllers/vote_controller.go:119.2,125.16 5 1
cat-app/controllers/vote_controller.go:125.16,128.3 2 0
cat-app/controllers/vote_controller.go:129.2,132.54 2 1
cat-app/controllers/vote_controller.go:132.54,134.17 2 0
cat-app/controllers/vote_controller.go:134.17,137.4 2 0
cat-app/controllers/vote_controller.go:140.3,142.17 3 0
cat-app/controllers/vote_controller.go:142.17,145.4 2 0
cat-app/controllers/vote_controller.go:147.3,147.90 1 0
cat-app/controllers/vote_controller.go:147.90,150.4 1 0
cat-app/controllers/vote_controller.go:150.9,152.4 1 0
cat-app/controllers/vote_controller.go:153.8,155.3 1 1
cat-app/controllers/vote_controller.go:160.37,163.32 2 1
cat-app/controllers/vote_controller.go:163.32,170.3 3 0
cat-app/controllers/vote_controller.go:172.2,173.32 2 1
cat-app/controllers/vote_controller.go:173.32,180.3 3 0
cat-app/controllers/vote_controller.go:183.2,186.12 2 1
cat-app/controllers/vote_controller.go:186.12,189.17 2 1
cat-app/controllers/vote_controller.go:189.17,195.4 2 0
cat-app/controllers/vote_controller.go:198.3,208.17 7 1
cat-app/controllers/vote_controller.go:208.17,214.4 2 0
cat-app/controllers/vote_controller.go:215.3,219.17 3 1
cat-app/controllers/vote_controller.go:219.17,225.4 2 0
cat-app/controllers/vote_controller.go:228.3,230.17 3 1
cat-app/controllers/vote_controller.go:230.17,236.4 2 0
cat-app/controllers/vote_controller.go:239.3,242.4 1 1
cat-app/controllers/vote_controller.go:246.2,250.15 3 1
cat-app/routers/router.go:9.13,22.2 9 1
